<?xml version="1.0" encoding="UTF-8"?>
<!-- Generated by org.testng.reporters.JUnitXMLReporter -->
<testsuite ignored="0" hostname="Seyrans-MacBook-Pro.local" failures="0" tests="5" name="Surefire test" time="43.8" errors="0" timestamp="2023-05-19T03:06:54 AMT">
  <testcase classname="test.RegisterPageTest" name="registerTest" time="1.942"/>
  <testcase classname="test.ShopPageTest" name="addToCartAndCheckItemCountTest" time="4.483"/>
  <testcase classname="test.ShopPageTest" name="checkCountsPerPage" time="9.297"/>
  <testcase classname="test.HomePageTest" name="searchForItemTest" time="3.999"/>
  <testcase classname="test.SmartphoneCategoryPageTest" name="addToCartAndCheckItemCountTest" time="3.017"/>
</testsuite> <!-- Surefire test -->
